<?xml version="1.0" encoding="UTF-8"?><testsuite errors="1" failures="0" name="Realizar compras de articulos" skipped="0" tests="1" time="20.9" timestamp="2023-10-14 09:34:02"><testcase name="Agregar articulos al carrito de compras"><error message="Arity mismatch: Step Definition 'stepdefinitions.EjemploGlobalSteps.elAgregaUnProductosAlCarro(String) in file:/C:/Users/DELLUSER/IdeaProjects/EjemploGlobal1/target/test-classes/' with pattern [^el agrega (.*)unidades de(.*) al carro$] is declared with 1 parameters. However, the gherkin step has 2 arguments [4 ,  mascarilla reutilizable FFP3 KN95]. &#10;Step text: el agrega 4 unidades de mascarilla reutilizable FFP3 KN95 al carro" type="cucumber.runtime.CucumberException">Arity mismatch: Step Definition 'stepdefinitions.EjemploGlobalSteps.elAgregaUnProductosAlCarro(String) in file:/C:/Users/DELLUSER/IdeaProjects/EjemploGlobal1/target/test-classes/' with pattern [^el agrega (.*)unidades de(.*) al carro$] is declared with 1 parameters. However, the gherkin step has 2 arguments [4 ,  mascarilla reutilizable FFP3 KN95]. 
Step text: el agrega 4 unidades de mascarilla reutilizable FFP3 KN95 al carro</error><system-err>Arity mismatch: Step Definition 'stepdefinitions.EjemploGlobalSteps.elAgregaUnProductosAlCarro(String) in file:/C:/Users/DELLUSER/IdeaProjects/EjemploGlobal1/target/test-classes/' with pattern [^el agrega (.*)unidades de(.*) al carro$] is declared with 1 parameters. However, the gherkin step has 2 arguments [4 ,  mascarilla reutilizable FFP3 KN95]. 
Step text: el agrega 4 unidades de mascarilla reutilizable FFP3 KN95 al carro&#13;
cucumber.runner.Runner.runPickle(Runner.java:80)&#13;
</system-err></testcase></testsuite>