<?xml version="1.0" encoding="UTF-8"?>
<testsuite name="NavigationTest" tests="1" skipped="0" failures="0" errors="0" timestamp="2023-12-10T20:42:27" hostname="DESKTOP-JDIK48R" time="12.703">
  <properties/>
  <testcase name="navigateToColombia()" classname="NavigationTest" time="12.703"/>
  <system-out><![CDATA[]]></system-out>
  <system-err><![CDATA[dic. 10, 2023 3:42:35 P. M. org.openqa.selenium.devtools.CdpVersionFinder findNearestMatch
WARNING: Unable to find an exact match for CDP version 120, returning the closest version; found: 119; Please update to a Selenium version that supports CDP version 120
]]></system-err>
</testsuite>
